time="00:09:44" level=info msg="Executing Filter  v5.1.3"
time="00:09:44" level=info msg="Fetching protein inference from /media/lsky/HDD1/biology/Anna/output/GRLCL_1D_ETHCD"
time="00:09:45" level=info msg="Processing peptide identification files"
time="00:09:45" level=info msg="Parsing /media/lsky/HDD1/biology/Anna/output/GRLCL_1D_HCD/interact-GR_LCL_1D_HCD_immunopeptidome.pep.xml"
time="00:09:47" level=info msg="1+ Charge profile" decoy=0 target=0
time="00:09:47" level=info msg="2+ Charge profile" decoy=202 target=2247
time="00:09:47" level=info msg="3+ Charge profile" decoy=79 target=1125
time="00:09:47" level=info msg="4+ Charge profile" decoy=3 target=102
time="00:09:47" level=info msg="5+ Charge profile" decoy=2 target=18
time="00:09:47" level=info msg="6+ Charge profile" decoy=3 target=3
time="00:09:47" level=info msg="Database search results" ions=3466 peptides=3090 psms=3784
time="00:09:47" level=info msg="Converged to 1.00 % FDR with 2508 PSMs" decoy=25 threshold=0.902292 total=2533
time="00:09:47" level=info msg="Converged to 0.98 % FDR with 1947 Peptides" decoy=19 threshold=0.912355 total=1966
time="00:09:47" level=info msg="Converged to 0.96 % FDR with 2280 Ions" decoy=22 threshold=0.906455 total=2302
time="00:09:47" level=info msg="Protein inference results" decoy=1040 target=5061
time="00:09:47" level=info msg="Converged to 24.72 % FDR with 4167 Proteins" decoy=1030 threshold=0.4998 total=5197
time="00:09:47" level=info msg="Applying sequential FDR estimation" ions=2327 peptides=2031 psms=2533
time="00:09:47" level=info msg="2507 PSMs" decoy=25 threshold=0.902426 total=2532
time="00:09:47" level=info msg="1947 Peptides" decoy=19 threshold=0.912355 total=1966
time="00:09:47" level=info msg="2280 Ions" decoy=22 threshold=0.906455 total=2302
time="00:09:47" level=info msg="Post processing identifications"
time="00:09:47" level=info msg="Assigning protein identifications to layers"
time="00:09:48" level=info msg="Processing protein inference"
time="00:09:49" level=info msg="Synchronizing PSMs and proteins"
time="00:09:49" level=info msg="Final report numbers after FDR filtering, and post-processing" ions=2280 peptides=1947 proteins=1612 psms=2507
time="00:09:49" level=info msg=Saving
time="00:09:49" level=info msg=Done
