time="00:09:39" level=info msg="Executing Filter  v5.1.3"
time="00:09:39" level=info msg="Processing peptide identification files"
time="00:09:39" level=info msg="Parsing /media/lsky/HDD1/biology/Anna/output/GRLCL_1D_ETHCD/interact-GR_LCL_1D_ETHCD_immunopeptidome.pep.xml"
time="00:09:41" level=info msg="1+ Charge profile" decoy=0 target=0
time="00:09:41" level=info msg="2+ Charge profile" decoy=108 target=993
time="00:09:41" level=info msg="3+ Charge profile" decoy=31 target=491
time="00:09:41" level=info msg="4+ Charge profile" decoy=6 target=44
time="00:09:41" level=info msg="5+ Charge profile" decoy=2 target=13
time="00:09:41" level=info msg="6+ Charge profile" decoy=3 target=5
time="00:09:41" level=info msg="Database search results" ions=1485 peptides=1329 psms=1696
time="00:09:41" level=info msg="Converged to 0.92 % FDR with 1084 PSMs" decoy=10 threshold=0.884962 total=1094
time="00:09:41" level=info msg="Converged to 0.97 % FDR with 827 Peptides" decoy=8 threshold=0.886324 total=835
time="00:09:41" level=info msg="Converged to 0.95 % FDR with 946 Ions" decoy=9 threshold=0.88517 total=955
time="00:09:41" level=info msg="Protein inference results" decoy=1040 target=5061
time="00:09:41" level=info msg="Converged to 24.72 % FDR with 4167 Proteins" decoy=1030 threshold=0.4998 total=5197
time="00:09:41" level=info msg="Applying sequential FDR estimation" ions=956 peptides=840 psms=1094
time="00:09:41" level=info msg="1084 PSMs" decoy=9 threshold=0.88517 total=1093
time="00:09:41" level=info msg="827 Peptides" decoy=8 threshold=0.886324 total=835
time="00:09:41" level=info msg="946 Ions" decoy=9 threshold=0.88517 total=955
time="00:09:41" level=info msg="Post processing identifications"
time="00:09:41" level=info msg="Assigning protein identifications to layers"
time="00:09:43" level=info msg="Processing protein inference"
time="00:09:44" level=info msg="Synchronizing PSMs and proteins"
time="00:09:44" level=info msg="Final report numbers after FDR filtering, and post-processing" ions=946 peptides=827 proteins=717 psms=1084
time="00:09:44" level=info msg=Saving
time="00:09:44" level=info msg=Done
